2024-12-13 09:29:10,530 INFO  [org.jboss.modules] (main) JBoss Modules version 2.0.0.Final
2024-12-13 09:29:12,971 INFO  [org.jboss.msc] (main) JBoss MSC version 1.4.13.Final
2024-12-13 09:29:13,086 INFO  [org.jboss.threads] (main) JBoss Threads version 2.4.0.Final
2024-12-13 09:29:14,126 INFO  [org.jboss.as] (MSC service thread 1-2) WFLYSRV0049: Keycloak 16.1.1 (WildFly Core 18.0.4.Final) starting
2024-12-13 09:29:14,132 DEBUG [org.jboss.as.config] (MSC service thread 1-2) Configured system properties:
	file.encoding = Cp1252
	file.separator = \
	java.awt.headless = true
	java.class.path = C:\Users\GINFOLOG\pfextensus\keyclockEnd\keycloak-16.1.1\jboss-modules.jar
	java.class.version = 61.0
	java.home = C:\Program Files\Java\jdk-17
	java.io.tmpdir = C:\Users\GINFOLOG\AppData\Local\Temp\
	java.library.path = C:\Program Files\Java\jdk-17\bin;C:\Windows\Sun\Java\bin;C:\Windows\system32;C:\Windows;C:\Program Files\Common Files\Oracle\Java\javapath;C:\Windows\system32;C:\Windows;C:\Windows\System32\Wbem;C:\Windows\System32\WindowsPowerShell\v1.0\;C:\Windows\System32\OpenSSH\;C:\Program Files\Java\jdk-17\bin;C:\Program Files\Git\cmd;C:\Program Files\apache-maven-3.9.6\bin;C:\Program Files\Cloud Foundry;C:\Program Files\Docker\Docker\resources\bin;C:\Program Files\nodejs\;C:\Users\GINFOLOG\AppData\Local\Microsoft\WindowsApps;C:\Program Files (x86)\Java;C:\Windows\System32\cmd.exe;C:\Program Files\nodejs;C:\Program Files\Git;C:\Users\GINFOLOG\apache-maven-3.8.8\apache-maven\src\bin;C:\Program Files\Java\jdk-21\bin;C:\IntelliJ IDEA 2021.2\bin;C:\Users\GINFOLOG\AppData\Local\Programs\Microsoft VS Code\bin;C:\Users\GINFOLOG\AppData\Roaming\npm;.
	java.net.preferIPv4Stack = true
	java.runtime.name = Java(TM) SE Runtime Environment
	java.runtime.version = 17.0.10+11-LTS-240
	java.specification.name = Java Platform API Specification
	java.specification.vendor = Oracle Corporation
	java.specification.version = 17
	java.util.logging.manager = org.jboss.logmanager.LogManager
	java.vendor = Oracle Corporation
	java.vendor.url = https://java.oracle.com/
	java.vendor.url.bug = https://bugreport.java.com/bugreport/
	java.version = 17.0.10
	java.version.date = 2024-01-16
	java.vm.compressedOopsMode = 32-bit
	java.vm.info = mixed mode, sharing
	java.vm.name = Java HotSpot(TM) 64-Bit Server VM
	java.vm.specification.name = Java Virtual Machine Specification
	java.vm.specification.vendor = Oracle Corporation
	java.vm.specification.version = 17
	java.vm.vendor = Oracle Corporation
	java.vm.version = 17.0.10+11-LTS-240
	javax.management.builder.initial = org.jboss.as.jmx.PluggableMBeanServerBuilder
	jboss.bind.address = 0.0.0.0
	jboss.home.dir = C:\Users\GINFOLOG\pfextensus\keyclockEnd\keycloak-16.1.1
	jboss.host.name = desktop-n1kseag
	jboss.http.port = 9080
	jboss.modules.dir = C:\Users\GINFOLOG\pfextensus\keyclockEnd\keycloak-16.1.1\modules
	jboss.modules.system.pkgs = org.jboss.byteman
	jboss.node.name = desktop-n1kseag
	jboss.qualified.host.name = desktop-n1kseag
	jboss.server.base.dir = C:\Users\GINFOLOG\pfextensus\keyclockEnd\keycloak-16.1.1\standalone
	jboss.server.config.dir = C:\Users\GINFOLOG\pfextensus\keyclockEnd\keycloak-16.1.1\standalone\configuration
	jboss.server.data.dir = C:\Users\GINFOLOG\pfextensus\keyclockEnd\keycloak-16.1.1\standalone\data
	jboss.server.deploy.dir = C:\Users\GINFOLOG\pfextensus\keyclockEnd\keycloak-16.1.1\standalone\data\content
	jboss.server.log.dir = C:\Users\GINFOLOG\pfextensus\keyclockEnd\keycloak-16.1.1\standalone\log
	jboss.server.name = desktop-n1kseag
	jboss.server.persist.config = true
	jboss.server.temp.dir = C:\Users\GINFOLOG\pfextensus\keyclockEnd\keycloak-16.1.1\standalone\tmp
	jdk.debug = release
	line.separator = 

	logging.configuration = file:C:\Users\GINFOLOG\pfextensus\keyclockEnd\keycloak-16.1.1\standalone\configuration/logging.properties
	module.path = C:\Users\GINFOLOG\pfextensus\keyclockEnd\keycloak-16.1.1\modules
	native.encoding = Cp1252
	org.jboss.boot.log.file = C:\Users\GINFOLOG\pfextensus\keyclockEnd\keycloak-16.1.1\standalone\log\server.log
	org.jboss.resolver.warning = true
	os.arch = amd64
	os.name = Windows 10
	os.version = 10.0
	path.separator = ;
	program.name = standalone.bat
	sun.arch.data.model = 64
	sun.boot.library.path = C:\Program Files\Java\jdk-17\bin
	sun.cpu.endian = little
	sun.cpu.isalist = amd64
	sun.io.unicode.encoding = UnicodeLittle
	sun.java.command = C:\Users\GINFOLOG\pfextensus\keyclockEnd\keycloak-16.1.1\jboss-modules.jar -mp C:\Users\GINFOLOG\pfextensus\keyclockEnd\keycloak-16.1.1\modules org.jboss.as.standalone -Djboss.home.dir=C:\Users\GINFOLOG\pfextensus\keyclockEnd\keycloak-16.1.1 -Djboss.http.port=9080 -b 0.0.0.0
	sun.java.launcher = SUN_STANDARD
	sun.jnu.encoding = Cp1252
	sun.management.compiler = HotSpot 64-Bit Tiered Compilers
	sun.os.patch.level = 
	sun.stderr.encoding = cp850
	sun.stdout.encoding = cp850
	user.country = FR
	user.dir = C:\Users\GINFOLOG\pfextensus\keyclockEnd\keycloak-16.1.1\bin
	user.home = C:\Users\GINFOLOG
	user.language = fr
	user.name = GINFOLOG
	user.script = 
	user.timezone = Europe/London
	user.variant = 
2024-12-13 09:29:14,138 DEBUG [org.jboss.as.config] (MSC service thread 1-2) VM Arguments: -Dprogram.name=standalone.bat -Xms64M -Xmx512M -XX:MetaspaceSize=96M -XX:MaxMetaspaceSize=256m -Djava.net.preferIPv4Stack=true -Djboss.modules.system.pkgs=org.jboss.byteman -Djava.awt.headless=true --add-exports=java.desktop/sun.awt=ALL-UNNAMED --add-exports=java.naming/com.sun.jndi.ldap=ALL-UNNAMED --add-opens=java.base/java.lang=ALL-UNNAMED --add-opens=java.base/java.lang.invoke=ALL-UNNAMED --add-opens=java.base/java.io=ALL-UNNAMED --add-opens=java.base/java.lang.reflect=ALL-UNNAMED --add-opens=java.base/java.security=ALL-UNNAMED --add-opens=java.base/java.util=ALL-UNNAMED --add-opens=java.base/java.util.concurrent=ALL-UNNAMED --add-opens=java.management/javax.management=ALL-UNNAMED --add-opens=java.naming/javax.naming=ALL-UNNAMED -Dorg.jboss.boot.log.file=C:\Users\GINFOLOG\pfextensus\keyclockEnd\keycloak-16.1.1\standalone\log\server.log -Dlogging.configuration=file:C:\Users\GINFOLOG\pfextensus\keyclockEnd\keycloak-16.1.1\standalone\configuration/logging.properties 
2024-12-13 09:29:16,654 INFO  [org.wildfly.security] (ServerService Thread Pool -- 19) ELY00001: WildFly Elytron version 1.18.3.Final
2024-12-13 09:29:19,103 INFO  [org.jboss.as.server] (Controller Boot Thread) WFLYSRV0039: Creating http management service using socket-binding (management-http)
2024-12-13 09:29:19,158 INFO  [org.xnio] (MSC service thread 1-2) XNIO version 3.8.5.Final
2024-12-13 09:29:19,199 INFO  [org.xnio.nio] (MSC service thread 1-2) XNIO NIO Implementation Version 3.8.5.Final
2024-12-13 09:29:19,512 INFO  [org.wildfly.extension.health] (ServerService Thread Pool -- 35) WFLYHEALTH0001: Activating Base Health Subsystem
2024-12-13 09:29:19,654 INFO  [org.jboss.as.jaxrs] (ServerService Thread Pool -- 38) WFLYRS0016: RESTEasy version 4.7.4.Final
2024-12-13 09:29:19,826 INFO  [org.jboss.as.clustering.infinispan] (ServerService Thread Pool -- 36) WFLYCLINF0001: Activating Infinispan subsystem.
2024-12-13 09:29:19,901 WARN  [org.jboss.as.txn] (ServerService Thread Pool -- 49) WFLYTX0013: The node-identifier attribute on the /subsystem=transactions is set to the default value. This is a danger for environments running multiple servers. Please make sure the attribute value is unique.
2024-12-13 09:29:19,965 INFO  [org.wildfly.extension.metrics] (ServerService Thread Pool -- 44) WFLYMETRICS0001: Activating Base Metrics Subsystem
2024-12-13 09:29:19,980 INFO  [org.jboss.as.naming] (ServerService Thread Pool -- 45) WFLYNAM0001: Activating Naming Subsystem
2024-12-13 09:29:20,022 INFO  [org.jboss.as.connector] (MSC service thread 1-3) WFLYJCA0009: Starting Jakarta Connectors Subsystem (WildFly/IronJacamar 1.5.3.Final)
2024-12-13 09:29:20,066 INFO  [org.jboss.as.connector.subsystems.datasources] (ServerService Thread Pool -- 30) WFLYJCA0004: Deploying JDBC-compliant driver class org.h2.Driver (version 1.4)
2024-12-13 09:29:20,112 INFO  [org.jboss.as.connector.deployers.jdbc] (MSC service thread 1-4) WFLYJCA0018: Started Driver service with driver-name = h2
2024-12-13 09:29:20,179 INFO  [org.wildfly.extension.undertow] (MSC service thread 1-3) WFLYUT0003: Undertow 2.2.14.Final starting
2024-12-13 09:29:20,225 WARN  [org.wildfly.clustering.web.undertow] (ServerService Thread Pool -- 50) WFLYCLWEBUT0007: No routing provider found for default-server; using legacy provider based on static configuration
2024-12-13 09:29:20,278 INFO  [org.jboss.as.naming] (MSC service thread 1-4) WFLYNAM0003: Starting Naming Service
2024-12-13 09:29:20,341 INFO  [org.jboss.as.mail.extension] (MSC service thread 1-6) WFLYMAIL0001: Bound mail session [java:jboss/mail/Default]
2024-12-13 09:29:20,503 INFO  [org.wildfly.extension.undertow] (ServerService Thread Pool -- 50) WFLYUT0014: Creating file handler for path 'C:\Users\GINFOLOG\pfextensus\keyclockEnd\keycloak-16.1.1/welcome-content' with options [directory-listing: 'false', follow-symlink: 'false', case-sensitive: 'true', safe-symlink-paths: '[]']
2024-12-13 09:29:22,921 INFO  [org.wildfly.extension.io] (ServerService Thread Pool -- 37) WFLYIO001: Worker 'default' has auto-configured to 8 IO threads with 64 max task threads based on your 4 available processors
2024-12-13 09:29:22,939 INFO  [org.jboss.as.ejb3] (MSC service thread 1-4) WFLYEJB0481: Strict pool slsb-strict-max-pool is using a max instance size of 64 (per class), which is derived from thread worker pool sizing.
2024-12-13 09:29:22,939 INFO  [org.jboss.as.ejb3] (MSC service thread 1-1) WFLYEJB0482: Strict pool mdb-strict-max-pool is using a max instance size of 16 (per class), which is derived from the number of CPUs on this host.
2024-12-13 09:29:23,028 INFO  [org.jboss.as.server.deployment.scanner] (MSC service thread 1-1) WFLYDS0013: Started FileSystemDeploymentService for directory C:\Users\GINFOLOG\pfextensus\keyclockEnd\keycloak-16.1.1\standalone\deployments
2024-12-13 09:29:23,034 INFO  [org.jboss.as.server.deployment] (MSC service thread 1-3) WFLYSRV0027: Starting deployment of "keycloak-server.war" (runtime-name: "keycloak-server.war")
2024-12-13 09:29:23,063 INFO  [org.jboss.remoting] (MSC service thread 1-4) JBoss Remoting version 5.0.23.Final
2024-12-13 09:29:23,063 INFO  [org.jboss.as.patching] (MSC service thread 1-6) WFLYPAT0050: Keycloak cumulative patch ID is: base, one-off patches include: none
2024-12-13 09:29:23,113 INFO  [org.wildfly.extension.undertow] (MSC service thread 1-3) WFLYUT0012: Started server default-server.
2024-12-13 09:29:23,124 INFO  [org.wildfly.extension.undertow] (MSC service thread 1-4) Queuing requests.
2024-12-13 09:29:23,175 INFO  [org.wildfly.extension.undertow] (MSC service thread 1-4) WFLYUT0018: Host default-host starting
2024-12-13 09:29:23,199 INFO  [org.wildfly.extension.undertow] (MSC service thread 1-5) WFLYUT0006: Undertow HTTP listener default listening on 0.0.0.0:9080
2024-12-13 09:29:23,248 INFO  [org.wildfly.extension.undertow] (MSC service thread 1-8) WFLYUT0006: Undertow HTTPS listener https listening on 0.0.0.0:8443
2024-12-13 09:29:25,049 INFO  [org.jboss.as.ejb3] (MSC service thread 1-1) WFLYEJB0493: Jakarta Enterprise Beans subsystem suspension complete
2024-12-13 09:29:25,288 INFO  [org.jboss.as.connector.subsystems.datasources] (MSC service thread 1-1) WFLYJCA0001: Bound data source [java:jboss/datasources/KeycloakDS]
2024-12-13 09:29:25,342 INFO  [org.jboss.as.connector.subsystems.datasources] (MSC service thread 1-8) WFLYJCA0001: Bound data source [java:jboss/datasources/ExampleDS]
2024-12-13 09:29:27,169 INFO  [org.infinispan.CONTAINER] (ServerService Thread Pool -- 52) ISPN000128: Infinispan version: Infinispan 'Taedonggang' 12.1.7.Final
2024-12-13 09:29:27,260 INFO  [org.infinispan.CONFIG] (MSC service thread 1-1) ISPN000152: Passivation configured without an eviction policy being selected. Only manually evicted entities will be passivated.
2024-12-13 09:29:27,272 INFO  [org.infinispan.CONFIG] (MSC service thread 1-1) ISPN000152: Passivation configured without an eviction policy being selected. Only manually evicted entities will be passivated.
2024-12-13 09:29:27,344 INFO  [org.infinispan.CONTAINER] (ServerService Thread Pool -- 52) ISPN000556: Starting user marshaller 'org.wildfly.clustering.infinispan.marshalling.jboss.JBossMarshaller'
2024-12-13 09:29:27,344 INFO  [org.infinispan.CONTAINER] (ServerService Thread Pool -- 53) ISPN000556: Starting user marshaller 'org.wildfly.clustering.infinispan.spi.marshalling.InfinispanProtoStreamMarshaller'
2024-12-13 09:29:28,002 INFO  [org.jboss.as.clustering.infinispan] (ServerService Thread Pool -- 53) WFLYCLINF0002: Started http-remoting-connector cache from ejb container
2024-12-13 09:29:28,059 INFO  [org.jboss.as.clustering.infinispan] (ServerService Thread Pool -- 57) WFLYCLINF0002: Started sessions cache from keycloak container
2024-12-13 09:29:28,061 INFO  [org.jboss.as.clustering.infinispan] (ServerService Thread Pool -- 54) WFLYCLINF0002: Started offlineClientSessions cache from keycloak container
2024-12-13 09:29:28,081 INFO  [org.jboss.as.clustering.infinispan] (ServerService Thread Pool -- 59) WFLYCLINF0002: Started loginFailures cache from keycloak container
2024-12-13 09:29:28,096 INFO  [org.jboss.as.clustering.infinispan] (ServerService Thread Pool -- 56) WFLYCLINF0002: Started offlineSessions cache from keycloak container
2024-12-13 09:29:28,105 INFO  [org.jboss.as.clustering.infinispan] (ServerService Thread Pool -- 62) WFLYCLINF0002: Started clientSessions cache from keycloak container
2024-12-13 09:29:28,105 INFO  [org.jboss.as.clustering.infinispan] (ServerService Thread Pool -- 61) WFLYCLINF0002: Started work cache from keycloak container
2024-12-13 09:29:28,108 INFO  [org.jboss.as.clustering.infinispan] (ServerService Thread Pool -- 63) WFLYCLINF0002: Started authenticationSessions cache from keycloak container
2024-12-13 09:29:28,115 INFO  [org.jboss.as.clustering.infinispan] (ServerService Thread Pool -- 64) WFLYCLINF0002: Started actionTokens cache from keycloak container
2024-12-13 09:29:28,163 INFO  [org.jboss.as.clustering.infinispan] (ServerService Thread Pool -- 58) WFLYCLINF0002: Started realms cache from keycloak container
2024-12-13 09:29:28,163 INFO  [org.jboss.as.clustering.infinispan] (ServerService Thread Pool -- 60) WFLYCLINF0002: Started users cache from keycloak container
2024-12-13 09:29:28,163 INFO  [org.jboss.as.clustering.infinispan] (ServerService Thread Pool -- 55) WFLYCLINF0002: Started keys cache from keycloak container
2024-12-13 09:29:28,163 INFO  [org.jboss.as.clustering.infinispan] (ServerService Thread Pool -- 52) WFLYCLINF0002: Started authorization cache from keycloak container
2024-12-13 09:29:28,381 WARN  [org.jboss.as.server.deployment] (MSC service thread 1-5) WFLYSRV0273: Excluded subsystem webservices via jboss-deployment-structure.xml does not exist.
2024-12-13 09:29:29,343 INFO  [org.keycloak.services] (ServerService Thread Pool -- 60) KC-SERVICES0001: Loading config from standalone.xml or domain.xml
2024-12-13 09:29:30,280 INFO  [org.keycloak.url.DefaultHostnameProviderFactory] (ServerService Thread Pool -- 60) Frontend: <request>, Admin: <frontend>, Backend: <request>
2024-12-13 09:29:31,024 INFO  [org.jboss.as.clustering.infinispan] (ServerService Thread Pool -- 60) WFLYCLINF0002: Started realmRevisions cache from keycloak container
2024-12-13 09:29:31,066 INFO  [org.jboss.as.clustering.infinispan] (ServerService Thread Pool -- 60) WFLYCLINF0002: Started userRevisions cache from keycloak container
2024-12-13 09:29:31,086 INFO  [org.jboss.as.clustering.infinispan] (ServerService Thread Pool -- 60) WFLYCLINF0002: Started authorizationRevisions cache from keycloak container
2024-12-13 09:29:31,088 INFO  [org.keycloak.connections.infinispan.DefaultInfinispanConnectionProviderFactory] (ServerService Thread Pool -- 60) Node name: desktop-n1kseag, Site name: null
2024-12-13 09:29:39,064 INFO  [org.keycloak.connections.jpa.DefaultJpaConnectionProviderFactory] (ServerService Thread Pool -- 60) Database info: {databaseUrl=jdbc:h2:C:\Users\GINFOLOG\pfextensus\keyclockEnd\keycloak-16.1.1\standalone\data/keycloak, databaseUser=SA, databaseProduct=H2 1.4.197 (2018-03-18), databaseDriver=H2 JDBC Driver 1.4.197 (2018-03-18)}
2024-12-13 09:29:43,866 INFO  [org.hibernate.jpa.internal.util.LogHelper] (ServerService Thread Pool -- 60) HHH000204: Processing PersistenceUnitInfo [
	name: keycloak-default
	...]
2024-12-13 09:29:44,164 INFO  [org.hibernate.Version] (ServerService Thread Pool -- 60) HHH000412: Hibernate Core {5.3.24.Final}
2024-12-13 09:29:44,170 INFO  [org.hibernate.cfg.Environment] (ServerService Thread Pool -- 60) HHH000206: hibernate.properties not found
2024-12-13 09:29:44,707 INFO  [org.hibernate.annotations.common.Version] (ServerService Thread Pool -- 60) HCANN000001: Hibernate Commons Annotations {5.0.5.Final}
2024-12-13 09:29:45,449 INFO  [org.hibernate.dialect.Dialect] (ServerService Thread Pool -- 60) HHH000400: Using dialect: org.hibernate.dialect.H2Dialect
2024-12-13 09:29:45,655 INFO  [org.hibernate.envers.boot.internal.EnversServiceImpl] (ServerService Thread Pool -- 60) Envers integration enabled? : true
2024-12-13 09:29:47,276 INFO  [org.hibernate.orm.beans] (ServerService Thread Pool -- 60) HHH10005002: No explicit CDI BeanManager reference was passed to Hibernate, but CDI is available on the Hibernate ClassLoader.
2024-12-13 09:29:48,166 INFO  [org.hibernate.validator.internal.util.Version] (ServerService Thread Pool -- 60) HV000001: Hibernate Validator 6.0.22.Final
2024-12-13 09:29:52,926 INFO  [org.hibernate.hql.internal.QueryTranslatorFactoryInitiator] (ServerService Thread Pool -- 60) HHH000397: Using ASTQueryTranslatorFactory
2024-12-13 09:29:57,852 INFO  [org.jboss.resteasy.resteasy_jaxrs.i18n] (ServerService Thread Pool -- 60) RESTEASY002225: Deploying javax.ws.rs.core.Application: class org.keycloak.services.resources.KeycloakApplication
2024-12-13 09:29:57,875 INFO  [org.jboss.resteasy.resteasy_jaxrs.i18n] (ServerService Thread Pool -- 60) RESTEASY002205: Adding provider class org.keycloak.services.filters.KeycloakSecurityHeadersFilter from Application class org.keycloak.services.resources.KeycloakApplication
2024-12-13 09:29:57,907 INFO  [org.jboss.resteasy.resteasy_jaxrs.i18n] (ServerService Thread Pool -- 60) RESTEASY002205: Adding provider class org.keycloak.services.error.KeycloakErrorHandler from Application class org.keycloak.services.resources.KeycloakApplication
2024-12-13 09:29:57,929 INFO  [org.jboss.resteasy.resteasy_jaxrs.i18n] (ServerService Thread Pool -- 60) RESTEASY002200: Adding class resource org.keycloak.services.resources.JsResource from Application class org.keycloak.services.resources.KeycloakApplication
2024-12-13 09:29:57,952 INFO  [org.jboss.resteasy.resteasy_jaxrs.i18n] (ServerService Thread Pool -- 60) RESTEASY002200: Adding class resource org.keycloak.services.resources.ThemeResource from Application class org.keycloak.services.resources.KeycloakApplication
2024-12-13 09:29:57,956 INFO  [org.jboss.resteasy.resteasy_jaxrs.i18n] (ServerService Thread Pool -- 60) RESTEASY002220: Adding singleton resource org.keycloak.services.resources.RobotsResource from Application class org.keycloak.services.resources.KeycloakApplication
2024-12-13 09:29:57,982 INFO  [org.jboss.resteasy.resteasy_jaxrs.i18n] (ServerService Thread Pool -- 60) RESTEASY002210: Adding provider singleton org.keycloak.services.util.ObjectMapperResolver from Application class org.keycloak.services.resources.KeycloakApplication
2024-12-13 09:29:57,989 INFO  [org.jboss.resteasy.resteasy_jaxrs.i18n] (ServerService Thread Pool -- 60) RESTEASY002220: Adding singleton resource org.keycloak.services.resources.RealmsResource from Application class org.keycloak.services.resources.KeycloakApplication
2024-12-13 09:29:57,996 INFO  [org.jboss.resteasy.resteasy_jaxrs.i18n] (ServerService Thread Pool -- 60) RESTEASY002220: Adding singleton resource org.keycloak.services.resources.WelcomeResource from Application class org.keycloak.services.resources.KeycloakApplication
2024-12-13 09:29:58,004 INFO  [org.jboss.resteasy.resteasy_jaxrs.i18n] (ServerService Thread Pool -- 60) RESTEASY002220: Adding singleton resource org.keycloak.services.resources.admin.AdminRoot from Application class org.keycloak.services.resources.KeycloakApplication
2024-12-13 09:29:58,278 INFO  [org.wildfly.extension.undertow] (ServerService Thread Pool -- 60) WFLYUT0021: Registered web context: '/auth' for server 'default-server'
2024-12-13 09:29:59,117 INFO  [org.jboss.as.server] (ServerService Thread Pool -- 42) WFLYSRV0010: Deployed "keycloak-server.war" (runtime-name : "keycloak-server.war")
2024-12-13 09:29:59,386 INFO  [org.jboss.as.server] (Controller Boot Thread) WFLYSRV0212: Resuming server
2024-12-13 09:29:59,436 INFO  [org.jboss.as] (Controller Boot Thread) WFLYSRV0025: Keycloak 16.1.1 (WildFly Core 18.0.4.Final) started in 50173ms - Started 573 of 851 services (576 services are lazy, passive or on-demand)
2024-12-13 09:29:59,451 INFO  [org.jboss.as] (Controller Boot Thread) WFLYSRV0060: Http management interface listening on http://127.0.0.1:9990/management
2024-12-13 09:29:59,486 INFO  [org.jboss.as] (Controller Boot Thread) WFLYSRV0051: Admin console listening on http://127.0.0.1:9990
2024-12-13 09:50:00,767 INFO  [org.keycloak.storage.ldap.LDAPIdentityStoreRegistry] (default task-7) Creating new LDAP Store for the LDAP storage provider: 'ldap', LDAP Configuration: {pagination=[true], fullSyncPeriod=[604800], connectionPooling=[false], usersDn=[o=XteUsers,dc=xtensus,dc=com], cachePolicy=[DEFAULT], useKerberosForPasswordAuthentication=[false], importEnabled=[true], enabled=[true], usernameLDAPAttribute=[cn], changedSyncPeriod=[86400], bindDn=[cn=admin,dc=xtensus,dc=com], lastSync=[1734015686], vendor=[other], uuidLDAPAttribute=[entryUUID], allowKerberosAuthentication=[false], connectionUrl=[ldap://localhost:389], syncRegistrations=[true], authType=[simple], debug=[false], searchScope=[2], useTruststoreSpi=[ldapsOnly], priority=[0], trustEmail=[false], userObjectClasses=[inetOrgPerson, organizationalPerson, person, top], rdnLDAPAttribute=[cn], editMode=[WRITABLE], validatePasswordPolicy=[false], batchSizeForSync=[1000]}, binaryAttributes: []
2024-12-13 09:59:45,777 WARN  [org.keycloak.events] (default task-7) type=LOGIN_ERROR, realmId=master, clientId=security-admin-console, userId=null, ipAddress=127.0.0.1, error=user_not_found, auth_method=openid-connect, auth_type=code, redirect_uri=http://localhost:9080/auth/admin/master/console/#/realms/Postarion/users, code_id=aebe02fd-418b-462c-8bb1-0a193e4a5e9a, username=admin123, authSessionParentId=aebe02fd-418b-462c-8bb1-0a193e4a5e9a, authSessionTabId=gEwRslYvwBw
2024-12-13 09:59:50,029 WARN  [org.keycloak.events] (default task-7) type=LOGIN_ERROR, realmId=master, clientId=security-admin-console, userId=9c87a5bd-4cfc-4496-9573-048810594b41, ipAddress=127.0.0.1, error=invalid_user_credentials, auth_method=openid-connect, auth_type=code, redirect_uri=http://localhost:9080/auth/admin/master/console/#/realms/Postarion/users, code_id=aebe02fd-418b-462c-8bb1-0a193e4a5e9a, username=admin, authSessionParentId=aebe02fd-418b-462c-8bb1-0a193e4a5e9a, authSessionTabId=gEwRslYvwBw
